<?xml version="1.0" encoding="UTF-8"?>
<!-- Generated by org.testng.reporters.JUnitXMLReporter -->
<testsuite ignored="0" hostname="Nijeesh" failures="1" tests="9" name="ShopMerchantOverallTesting" time="41.227" errors="0" timestamp="2024-01-05T12:00:18 IST">
  <testcase classname="qwy.automationqwy.ShopMerchantOverallTesting$ShopMerchantFramework" name="login" time="2.494"/>
  <testcase classname="qwy.automationqwy.ShopMerchantOverallTesting$ShopMerchantFramework" name="CategoryLists" time="6.847"/>
  <testcase classname="qwy.automationqwy.ShopMerchantOverallTesting$ShopMerchantFramework" name="categorySearch" time="0.256"/>
  <testcase classname="qwy.automationqwy.ShopMerchantOverallTesting$ShopMerchantFramework" name="categoryRequest" time="3.001"/>
  <testcase classname="qwy.automationqwy.ShopMerchantOverallTesting$ShopMerchantFramework" name="inventoryPageSerach" time="5.313"/>
  <testcase classname="qwy.automationqwy.ShopMerchantOverallTesting$ShopMerchantFramework" name="inventoryEdit" time="1.722"/>
  <testcase classname="qwy.automationqwy.ShopMerchantOverallTesting$ShopMerchantFramework" name="inventoryPageCsv" time="12.112"/>
  <testcase classname="qwy.automationqwy.ShopMerchantOverallTesting$ShopMerchantFramework" name="shopList" time="2.346"/>
  <testcase classname="qwy.automationqwy.ShopMerchantOverallTesting$ShopMerchantFramework" name="staffPage" time="3.861">
    <failure type="org.openqa.selenium.StaleElementReferenceException" message="stale element reference: stale element not found
  (Session info: chrome=120.0.6099.130)
For documentation on this error, please visit: https://www.selenium.dev/documentation/webdriver/troubleshooting/errors#stale-element-reference-exception
Build info: version: &amp;apos;4.16.1&amp;apos;, revision: &amp;apos;9b4c83354e&amp;apos;
System info: os.name: &amp;apos;Windows 11&amp;apos;, os.arch: &amp;apos;amd64&amp;apos;, os.version: &amp;apos;10.0&amp;apos;, java.version: &amp;apos;17.0.6&amp;apos;
Driver info: org.openqa.selenium.chrome.ChromeDriver
Command: [f22eaa2f0cc1ab674f77e84474d67bfd, isElementDisplayed {id=27790BE33DC2E1F4BC455F59F7CB6223_element_403}]
Capabilities {acceptInsecureCerts: false, browserName: chrome, browserVersion: 120.0.6099.130, chrome: {chromedriverVersion: 120.0.6099.109 (3419140ab66..., userDataDir: C:\Users\Niju\AppData\Local...}, fedcm:accounts: true, goog:chromeOptions: {debuggerAddress: localhost:62050}, networkConnectionEnabled: false, pageLoadStrategy: normal, platformName: windows, proxy: Proxy(), se:cdp: ws://localhost:62050/devtoo..., se:cdpVersion: 120.0.6099.130, setWindowRect: true, strictFileInteractability: false, timeouts: {implicit: 0, pageLoad: 300000, script: 30000}, unhandledPromptBehavior: dismiss and notify, webauthn:extension:credBlob: true, webauthn:extension:largeBlob: true, webauthn:extension:minPinLength: true, webauthn:extension:prf: true, webauthn:virtualAuthenticators: true}
Element: [[ChromeDriver: chrome on windows (f22eaa2f0cc1ab674f77e84474d67bfd)] -&amp;gt; xpath: //tr[@class=&amp;apos;table-box-1 ng-star-inserted&amp;apos;]//td[2]]
Session ID: f22eaa2f0cc1ab674f77e84474d67bfd">
      <![CDATA[org.openqa.selenium.StaleElementReferenceException: stale element reference: stale element not found
  (Session info: chrome=120.0.6099.130)
For documentation on this error, please visit: https://www.selenium.dev/documentation/webdriver/troubleshooting/errors#stale-element-reference-exception
Build info: version: '4.16.1', revision: '9b4c83354e'
System info: os.name: 'Windows 11', os.arch: 'amd64', os.version: '10.0', java.version: '17.0.6'
Driver info: org.openqa.selenium.chrome.ChromeDriver
Command: [f22eaa2f0cc1ab674f77e84474d67bfd, isElementDisplayed {id=27790BE33DC2E1F4BC455F59F7CB6223_element_403}]
Capabilities {acceptInsecureCerts: false, browserName: chrome, browserVersion: 120.0.6099.130, chrome: {chromedriverVersion: 120.0.6099.109 (3419140ab66..., userDataDir: C:\Users\Niju\AppData\Local...}, fedcm:accounts: true, goog:chromeOptions: {debuggerAddress: localhost:62050}, networkConnectionEnabled: false, pageLoadStrategy: normal, platformName: windows, proxy: Proxy(), se:cdp: ws://localhost:62050/devtoo..., se:cdpVersion: 120.0.6099.130, setWindowRect: true, strictFileInteractability: false, timeouts: {implicit: 0, pageLoad: 300000, script: 30000}, unhandledPromptBehavior: dismiss and notify, webauthn:extension:credBlob: true, webauthn:extension:largeBlob: true, webauthn:extension:minPinLength: true, webauthn:extension:prf: true, webauthn:virtualAuthenticators: true}
Element: [[ChromeDriver: chrome on windows (f22eaa2f0cc1ab674f77e84474d67bfd)] -> xpath: //tr[@class='table-box-1 ng-star-inserted']//td[2]]
Session ID: f22eaa2f0cc1ab674f77e84474d67bfd
at org.openqa.selenium.remote.codec.w3c.W3CHttpResponseCodec.createException(W3CHttpResponseCodec.java:200)
at org.openqa.selenium.remote.codec.w3c.W3CHttpResponseCodec.decode(W3CHttpResponseCodec.java:133)
at org.openqa.selenium.remote.codec.w3c.W3CHttpResponseCodec.decode(W3CHttpResponseCodec.java:52)
at org.openqa.selenium.remote.HttpCommandExecutor.execute(HttpCommandExecutor.java:191)
at org.openqa.selenium.remote.service.DriverCommandExecutor.invokeExecute(DriverCommandExecutor.java:200)
at org.openqa.selenium.remote.service.DriverCommandExecutor.execute(DriverCommandExecutor.java:175)
at org.openqa.selenium.remote.RemoteWebDriver.execute(RemoteWebDriver.java:523)
at org.openqa.selenium.remote.RemoteWebElement.execute(RemoteWebElement.java:224)
at org.openqa.selenium.remote.RemoteWebElement.isDisplayed(RemoteWebElement.java:283)
at org.openqa.selenium.support.ui.ExpectedConditions$8.apply(ExpectedConditions.java:223)
at org.openqa.selenium.support.ui.ExpectedConditions$8.apply(ExpectedConditions.java:218)
at org.openqa.selenium.support.ui.FluentWait.until(FluentWait.java:205)
at qwy.automationqwy.ShopMerchantOverallTesting$ShopMerchantFramework.staffPage(ShopMerchantOverallTesting.java:199)
at java.base/java.util.ArrayList.forEach(ArrayList.java:1511)
... Removed 32 stack frames]]>
    </failure>
  </testcase> <!-- staffPage -->
</testsuite> <!-- ShopMerchantOverallTesting -->
