<?xml version="1.0" encoding="UTF-8"?>
<testng-results ignored="0" total="5" passed="4" failed="1" skipped="0">
  <reporter-output>
  </reporter-output>
  <suite started-at="2024-02-06T12:45:31 IST" name="Default suite" finished-at="2024-02-06T12:46:01 IST" duration-ms="30291">
    <groups>
    </groups>
    <test started-at="2024-02-06T12:45:31 IST" name="Default test" finished-at="2024-02-06T12:46:01 IST" duration-ms="30291">
      <class name="qwy.automationqwy.ShopAdmin">
        <test-method is-config="true" signature="login()[pri:0, instance:qwy.automationqwy.ShopAdmin@3b0fe47a]" started-at="2024-02-06T12:45:31 IST" name="login" finished-at="2024-02-06T12:45:37 IST" duration-ms="5557" status="PASS">
          <reporter-output>
          </reporter-output>
        </test-method> <!-- login -->
        <test-method signature="erpStatus()[pri:1, instance:qwy.automationqwy.ShopAdmin@3b0fe47a]" started-at="2024-02-06T12:45:37 IST" name="erpStatus" finished-at="2024-02-06T12:45:39 IST" duration-ms="2370" status="FAIL">
          <exception class="java.lang.AssertionError">
            <message>
              <![CDATA[No of ERP fail is greater than 0: 5 expected [true] but found [false]]]>
            </message>
            <full-stacktrace>
              <![CDATA[java.lang.AssertionError: No of ERP fail is greater than 0: 5 expected [true] but found [false]
at org.testng.Assert.fail(Assert.java:111)
at org.testng.Assert.failNotEquals(Assert.java:1578)
at org.testng.Assert.assertTrue(Assert.java:57)
at qwy.automationqwy.ShopAdmin.erpStatus(ShopAdmin.java:46)
at java.base/jdk.internal.reflect.NativeMethodAccessorImpl.invoke0(Native Method)
at java.base/jdk.internal.reflect.NativeMethodAccessorImpl.invoke(NativeMethodAccessorImpl.java:77)
at java.base/jdk.internal.reflect.DelegatingMethodAccessorImpl.invoke(DelegatingMethodAccessorImpl.java:43)
at java.base/java.lang.reflect.Method.invoke(Method.java:568)
at org.testng.internal.invokers.MethodInvocationHelper.invokeMethod(MethodInvocationHelper.java:139)
at org.testng.internal.invokers.TestInvoker.invokeMethod(TestInvoker.java:664)
at org.testng.internal.invokers.TestInvoker.invokeTestMethod(TestInvoker.java:227)
at org.testng.internal.invokers.MethodRunner.runInSequence(MethodRunner.java:50)
at org.testng.internal.invokers.TestInvoker$MethodInvocationAgent.invoke(TestInvoker.java:957)
at org.testng.internal.invokers.TestInvoker.invokeTestMethods(TestInvoker.java:200)
at org.testng.internal.invokers.TestMethodWorker.invokeTestMethods(TestMethodWorker.java:148)
at org.testng.internal.invokers.TestMethodWorker.run(TestMethodWorker.java:128)
at java.base/java.util.ArrayList.forEach(ArrayList.java:1511)
at org.testng.TestRunner.privateRun(TestRunner.java:848)
at org.testng.TestRunner.run(TestRunner.java:621)
at org.testng.SuiteRunner.runTest(SuiteRunner.java:443)
at org.testng.SuiteRunner.runSequentially(SuiteRunner.java:437)
at org.testng.SuiteRunner.privateRun(SuiteRunner.java:397)
at org.testng.SuiteRunner.run(SuiteRunner.java:336)
at org.testng.SuiteRunnerWorker.runSuite(SuiteRunnerWorker.java:52)
at org.testng.SuiteRunnerWorker.run(SuiteRunnerWorker.java:95)
at org.testng.TestNG.runSuitesSequentially(TestNG.java:1280)
at org.testng.TestNG.runSuitesLocally(TestNG.java:1200)
at org.testng.TestNG.runSuites(TestNG.java:1114)
at org.testng.TestNG.run(TestNG.java:1082)
at org.testng.remote.AbstractRemoteTestNG.run(AbstractRemoteTestNG.java:115)
at org.testng.remote.RemoteTestNG.initAndRun(RemoteTestNG.java:251)
at org.testng.remote.RemoteTestNG.main(RemoteTestNG.java:77)
]]>
            </full-stacktrace>
          </exception> <!-- java.lang.AssertionError -->
          <reporter-output>
          </reporter-output>
        </test-method> <!-- erpStatus -->
        <test-method signature="shopPageselection()[pri:2, instance:qwy.automationqwy.ShopAdmin@3b0fe47a]" started-at="2024-02-06T12:45:39 IST" name="shopPageselection" finished-at="2024-02-06T12:45:42 IST" duration-ms="3319" status="PASS">
          <reporter-output>
          </reporter-output>
        </test-method> <!-- shopPageselection -->
        <test-method signature="shopSearch()[pri:4, instance:qwy.automationqwy.ShopAdmin@3b0fe47a]" started-at="2024-02-06T12:45:42 IST" name="shopSearch" finished-at="2024-02-06T12:45:42 IST" duration-ms="214" status="PASS">
          <reporter-output>
          </reporter-output>
        </test-method> <!-- shopSearch -->
        <test-method signature="shopDetails()[pri:5, instance:qwy.automationqwy.ShopAdmin@3b0fe47a]" started-at="2024-02-06T12:45:42 IST" name="shopDetails" finished-at="2024-02-06T12:45:49 IST" duration-ms="6194" status="PASS">
          <reporter-output>
          </reporter-output>
        </test-method> <!-- shopDetails -->
        <test-method signature="shopAdd()[pri:6, instance:qwy.automationqwy.ShopAdmin@3b0fe47a]" started-at="2024-02-06T12:45:49 IST" name="shopAdd" finished-at="2024-02-06T12:46:01 IST" duration-ms="12191" status="PASS">
          <reporter-output>
          </reporter-output>
        </test-method> <!-- shopAdd -->
        <test-method is-config="true" signature="tearDown()[pri:0, instance:qwy.automationqwy.ShopAdmin@3b0fe47a]" started-at="2024-02-06T12:46:01 IST" name="tearDown" finished-at="2024-02-06T12:46:01 IST" duration-ms="392" status="PASS">
          <reporter-output>
          </reporter-output>
        </test-method> <!-- tearDown -->
      </class> <!-- qwy.automationqwy.ShopAdmin -->
    </test> <!-- Default test -->
  </suite> <!-- Default suite -->
</testng-results>
