<?xml version="1.0" encoding="UTF-8"?>
<!-- Generated by org.testng.reporters.JUnitReportReporter -->
<testsuite hostname="Nijeesh" failures="0" tests="10" name="qwy.automationqwy.ShopMerchantOverallTesting$ShopMerchantFramework" time="2.021" errors="1" timestamp="2024-02-23T11:15:32 IST" skipped="9">
  <testcase classname="qwy.automationqwy.ShopMerchantOverallTesting$ShopMerchantFramework" name="setup" time="2.021">
    <error message="java.lang.NumberFormatException: For input string: &quot;public&quot;" type="io.github.bonigarcia.wdm.config.WebDriverManagerException">
      <![CDATA[io.github.bonigarcia.wdm.config.WebDriverManagerException: java.lang.NumberFormatException: For input string: "public"
at io.github.bonigarcia.wdm.WebDriverManager.handleException(WebDriverManager.java:1435)
at io.github.bonigarcia.wdm.WebDriverManager.manage(WebDriverManager.java:1195)
at io.github.bonigarcia.wdm.WebDriverManager.fallback(WebDriverManager.java:1451)
at io.github.bonigarcia.wdm.WebDriverManager.handleException(WebDriverManager.java:1432)
at io.github.bonigarcia.wdm.WebDriverManager.manage(WebDriverManager.java:1195)
at io.github.bonigarcia.wdm.WebDriverManager.handleException(WebDriverManager.java:1425)
at io.github.bonigarcia.wdm.WebDriverManager.manage(WebDriverManager.java:1195)
at io.github.bonigarcia.wdm.WebDriverManager.setup(WebDriverManager.java:427)
at qwy.automationqwy.ShopMerchantOverallTesting$ShopMerchantFramework.setup(ShopMerchantOverallTesting.java:38)
at java.base/jdk.internal.reflect.NativeMethodAccessorImpl.invoke0(Native Method)
at java.base/jdk.internal.reflect.NativeMethodAccessorImpl.invoke(NativeMethodAccessorImpl.java:77)
at java.base/jdk.internal.reflect.DelegatingMethodAccessorImpl.invoke(DelegatingMethodAccessorImpl.java:43)
at java.base/java.lang.reflect.Method.invoke(Method.java:568)
at org.testng.internal.invokers.MethodInvocationHelper.invokeMethod(MethodInvocationHelper.java:139)
at org.testng.internal.invokers.MethodInvocationHelper.invokeMethodConsideringTimeout(MethodInvocationHelper.java:69)
at org.testng.internal.invokers.ConfigInvoker.invokeConfigurationMethod(ConfigInvoker.java:390)
at org.testng.internal.invokers.ConfigInvoker.invokeConfigurations(ConfigInvoker.java:325)
at org.testng.TestRunner.invokeTestConfigurations(TestRunner.java:663)
at org.testng.TestRunner.beforeRun(TestRunner.java:652)
at org.testng.TestRunner.run(TestRunner.java:614)
at org.testng.SuiteRunner.runTest(SuiteRunner.java:443)
at org.testng.SuiteRunner.runSequentially(SuiteRunner.java:437)
at org.testng.SuiteRunner.privateRun(SuiteRunner.java:397)
at org.testng.SuiteRunner.run(SuiteRunner.java:336)
at org.testng.SuiteRunnerWorker.runSuite(SuiteRunnerWorker.java:52)
at org.testng.SuiteRunnerWorker.run(SuiteRunnerWorker.java:95)
at org.testng.TestNG.runSuitesSequentially(TestNG.java:1280)
at org.testng.TestNG.runSuitesLocally(TestNG.java:1200)
at org.testng.TestNG.runSuites(TestNG.java:1114)
at org.testng.TestNG.run(TestNG.java:1082)
at org.testng.remote.AbstractRemoteTestNG.run(AbstractRemoteTestNG.java:115)
at org.testng.remote.RemoteTestNG.initAndRun(RemoteTestNG.java:251)
at org.testng.remote.RemoteTestNG.main(RemoteTestNG.java:77)
Caused by: java.lang.NumberFormatException: For input string: "public"
at java.base/java.lang.NumberFormatException.forInputString(NumberFormatException.java:67)
at java.base/java.lang.Integer.parseInt(Integer.java:668)
at java.base/java.lang.Integer.parseInt(Integer.java:786)
at io.github.bonigarcia.wdm.managers.ChromeDriverManager.buildUrl(ChromeDriverManager.java:178)
at io.github.bonigarcia.wdm.managers.ChromeDriverManager.buildUrl(ChromeDriverManager.java:155)
at io.github.bonigarcia.wdm.WebDriverManager.download(WebDriverManager.java:1272)
at io.github.bonigarcia.wdm.WebDriverManager.manage(WebDriverManager.java:1189)
... 31 more
]]>
    </error>
  </testcase> <!-- setup -->
  <testcase classname="qwy.automationqwy.ShopMerchantOverallTesting$ShopMerchantFramework" name="login" time="0.000">
    <skipped/>
  </testcase> <!-- login -->
  <testcase classname="qwy.automationqwy.ShopMerchantOverallTesting$ShopMerchantFramework" name="CategoryListOriginal" time="0.000">
    <skipped/>
  </testcase> <!-- CategoryListOriginal -->
  <testcase classname="qwy.automationqwy.ShopMerchantOverallTesting$ShopMerchantFramework" name="categorySearch" time="0.000">
    <skipped/>
  </testcase> <!-- categorySearch -->
  <testcase classname="qwy.automationqwy.ShopMerchantOverallTesting$ShopMerchantFramework" name="categoryRequest" time="0.000">
    <skipped/>
  </testcase> <!-- categoryRequest -->
  <testcase classname="qwy.automationqwy.ShopMerchantOverallTesting$ShopMerchantFramework" name="inventoryPageSerach" time="0.000">
    <skipped/>
  </testcase> <!-- inventoryPageSerach -->
  <testcase classname="qwy.automationqwy.ShopMerchantOverallTesting$ShopMerchantFramework" name="inventoryPageCsv" time="0.000">
    <skipped/>
  </testcase> <!-- inventoryPageCsv -->
  <testcase classname="qwy.automationqwy.ShopMerchantOverallTesting$ShopMerchantFramework" name="inventoryEdit" time="0.000">
    <skipped/>
  </testcase> <!-- inventoryEdit -->
  <testcase classname="qwy.automationqwy.ShopMerchantOverallTesting$ShopMerchantFramework" name="shopList" time="0.000">
    <skipped/>
  </testcase> <!-- shopList -->
  <testcase classname="qwy.automationqwy.ShopMerchantOverallTesting$ShopMerchantFramework" name="staffPage" time="0.000">
    <skipped/>
  </testcase> <!-- staffPage -->
</testsuite> <!-- qwy.automationqwy.ShopMerchantOverallTesting$ShopMerchantFramework -->
